<?xml version="1.0" encoding="UTF-8"?>
<testng-results skipped="0" failed="3" total="4" passed="1">
  <reporter-output>
  </reporter-output>
  <suite name="Login" duration-ms="380899" started-at="2018-02-20T04:53:28Z" finished-at="2018-02-20T04:59:49Z">
    <groups>
      <group name="LoginGroup">
        <method signature="TC_DefaultLogin.testBlankPassword(java.util.Hashtable)[pri:0, instance:testcases.login.TC_DefaultLogin@65c7a252]" name="testBlankPassword" class="testcases.login.TC_DefaultLogin"/>
      </group> <!-- LoginGroup -->
      <group name="MeasureGrid">
        <method signature="TC_PracticeFavoritesMeasureViewR.test(java.util.Hashtable)[pri:0, instance:testcases.dashboard.practice.practiceMeasureGrid.TC_PracticeFavoritesMeasureViewR@644baf4a]" name="test" class="testcases.dashboard.practice.practiceMeasureGrid.TC_PracticeFavoritesMeasureViewR"/>
        <method signature="TC_PracticeMeasuresWithHigherScore.test(java.util.Hashtable)[pri:0, instance:testcases.dashboard.practice.practiceMeasureGrid.TC_PracticeMeasuresWithHigherScore@6892b3b6]" name="test" class="testcases.dashboard.practice.practiceMeasureGrid.TC_PracticeMeasuresWithHigherScore"/>
      </group> <!-- MeasureGrid -->
    </groups>
    <test name="TC_AutoLogin" duration-ms="32717" started-at="2018-02-20T04:53:28Z" finished-at="2018-02-20T04:54:01Z">
      <class name="testcases.login.TC_DefaultLogin">
        <test-method status="PASS" signature="testBlankPassword(java.util.Hashtable)[pri:0, instance:testcases.login.TC_DefaultLogin@65c7a252]" name="testBlankPassword" duration-ms="31639" started-at="2018-02-20T10:23:29Z" data-provider="TC_AutoLogin" finished-at="2018-02-20T10:24:01Z">
          <params>
            <param index="0">
              <value>
                <![CDATA[{start_in=, login_pass=**********, login_user=probeer.roy}]]>
              </value>
            </param>
          </params>
          <reporter-output>
          </reporter-output>
        </test-method> <!-- testBlankPassword -->
      </class> <!-- testcases.login.TC_DefaultLogin -->
    </test> <!-- TC_AutoLogin -->
    <test name="TC_ProviderMeasureComputationSummaryNR" duration-ms="92690" started-at="2018-02-20T04:54:01Z" finished-at="2018-02-20T04:55:34Z">
      <class name="testcases.dashboard.provider.nonrolling.TC_ProviderMeasureComputationSummaryNR">
        <test-method status="FAIL" signature="startTestCase(java.util.Hashtable)[pri:0, instance:testcases.dashboard.provider.nonrolling.TC_ProviderMeasureComputationSummaryNR@298a5e20]" name="startTestCase" duration-ms="91752" started-at="2018-02-20T10:24:02Z" data-provider="TC_ProviderMeasureComputationSummaryNR" finished-at="2018-02-20T10:25:34Z">
          <params>
            <param index="0">
              <value>
                <![CDATA[{Quarter=2017Q3Q2, Menu=Dashboards, Flag=QNR, SubMenu=Provider}]]>
              </value>
            </param>
          </params>
          <exception class="java.lang.AssertionError">
            <message>
              <![CDATA[The following asserts failed:
	null]]>
            </message>
            <full-stacktrace>
              <![CDATA[java.lang.AssertionError: The following asserts failed:
	null
	at org.testng.asserts.SoftAssert.assertAll(SoftAssert.java:48)
	at testcases.dashboard.provider.nonrolling.TC_ProviderMeasureComputationSummaryNR.startTestCase(TC_ProviderMeasureComputationSummaryNR.java:35)
	at sun.reflect.NativeMethodAccessorImpl.invoke0(Native Method)
	at sun.reflect.NativeMethodAccessorImpl.invoke(NativeMethodAccessorImpl.java:62)
	at sun.reflect.DelegatingMethodAccessorImpl.invoke(DelegatingMethodAccessorImpl.java:43)
	at java.lang.reflect.Method.invoke(Method.java:497)
	at org.testng.internal.MethodInvocationHelper.invokeMethod(MethodInvocationHelper.java:85)
	at org.testng.internal.Invoker.invokeMethod(Invoker.java:639)
	at org.testng.internal.Invoker.invokeTestMethod(Invoker.java:821)
	at org.testng.internal.Invoker.invokeTestMethods(Invoker.java:1131)
	at org.testng.internal.TestMethodWorker.invokeTestMethods(TestMethodWorker.java:124)
	at org.testng.internal.TestMethodWorker.run(TestMethodWorker.java:108)
	at org.testng.TestRunner.privateRun(TestRunner.java:773)
	at org.testng.TestRunner.run(TestRunner.java:623)
	at org.testng.SuiteRunner.runTest(SuiteRunner.java:357)
	at org.testng.SuiteRunner.runSequentially(SuiteRunner.java:352)
	at org.testng.SuiteRunner.privateRun(SuiteRunner.java:310)
	at org.testng.SuiteRunner.run(SuiteRunner.java:259)
	at org.testng.SuiteRunnerWorker.runSuite(SuiteRunnerWorker.java:52)
	at org.testng.SuiteRunnerWorker.run(SuiteRunnerWorker.java:86)
	at org.testng.TestNG.runSuitesSequentially(TestNG.java:1185)
	at org.testng.TestNG.runSuitesLocally(TestNG.java:1110)
	at org.testng.TestNG.run(TestNG.java:1018)
	at TestNGLoader.Loader.main(Loader.java:60)
]]>
            </full-stacktrace>
          </exception> <!-- java.lang.AssertionError -->
          <reporter-output>
          </reporter-output>
        </test-method> <!-- startTestCase -->
      </class> <!-- testcases.dashboard.provider.nonrolling.TC_ProviderMeasureComputationSummaryNR -->
    </test> <!-- TC_ProviderMeasureComputationSummaryNR -->
    <test name="TC_PracticeFavoritesMeasureViewR" duration-ms="24246" started-at="2018-02-20T04:55:34Z" finished-at="2018-02-20T04:55:58Z">
      <class name="testcases.dashboard.practice.practiceMeasureGrid.TC_PracticeFavoritesMeasureViewR">
        <test-method status="FAIL" signature="test(java.util.Hashtable)[pri:0, instance:testcases.dashboard.practice.practiceMeasureGrid.TC_PracticeFavoritesMeasureViewR@644baf4a]" name="test" duration-ms="23630" started-at="2018-02-20T10:25:35Z" data-provider="PFMViewR" finished-at="2018-02-20T10:25:58Z">
          <params>
            <param index="0">
              <value>
                <![CDATA[{Quarter=2017Q3, Menu =Dashboards, Flag=QR, SubMenu=Practice}]]>
              </value>
            </param>
          </params>
          <exception class="java.lang.AssertionError">
            <message>
              <![CDATA[The following asserts failed:
	null]]>
            </message>
            <full-stacktrace>
              <![CDATA[java.lang.AssertionError: The following asserts failed:
	null
	at org.testng.asserts.SoftAssert.assertAll(SoftAssert.java:48)
	at testcases.dashboard.practice.practiceMeasureGrid.TC_PracticeFavoritesMeasureViewR.test(TC_PracticeFavoritesMeasureViewR.java:38)
	at sun.reflect.NativeMethodAccessorImpl.invoke0(Native Method)
	at sun.reflect.NativeMethodAccessorImpl.invoke(NativeMethodAccessorImpl.java:62)
	at sun.reflect.DelegatingMethodAccessorImpl.invoke(DelegatingMethodAccessorImpl.java:43)
	at java.lang.reflect.Method.invoke(Method.java:497)
	at org.testng.internal.MethodInvocationHelper.invokeMethod(MethodInvocationHelper.java:85)
	at org.testng.internal.Invoker.invokeMethod(Invoker.java:639)
	at org.testng.internal.Invoker.invokeTestMethod(Invoker.java:821)
	at org.testng.internal.Invoker.invokeTestMethods(Invoker.java:1131)
	at org.testng.internal.TestMethodWorker.invokeTestMethods(TestMethodWorker.java:124)
	at org.testng.internal.TestMethodWorker.run(TestMethodWorker.java:108)
	at org.testng.TestRunner.privateRun(TestRunner.java:773)
	at org.testng.TestRunner.run(TestRunner.java:623)
	at org.testng.SuiteRunner.runTest(SuiteRunner.java:357)
	at org.testng.SuiteRunner.runSequentially(SuiteRunner.java:352)
	at org.testng.SuiteRunner.privateRun(SuiteRunner.java:310)
	at org.testng.SuiteRunner.run(SuiteRunner.java:259)
	at org.testng.SuiteRunnerWorker.runSuite(SuiteRunnerWorker.java:52)
	at org.testng.SuiteRunnerWorker.run(SuiteRunnerWorker.java:86)
	at org.testng.TestNG.runSuitesSequentially(TestNG.java:1185)
	at org.testng.TestNG.runSuitesLocally(TestNG.java:1110)
	at org.testng.TestNG.run(TestNG.java:1018)
	at TestNGLoader.Loader.main(Loader.java:60)
]]>
            </full-stacktrace>
          </exception> <!-- java.lang.AssertionError -->
          <reporter-output>
          </reporter-output>
        </test-method> <!-- test -->
      </class> <!-- testcases.dashboard.practice.practiceMeasureGrid.TC_PracticeFavoritesMeasureViewR -->
    </test> <!-- TC_PracticeFavoritesMeasureViewR -->
    <test name="TC_PracticeMeasuresWithHigherScore" duration-ms="230872" started-at="2018-02-20T04:55:58Z" finished-at="2018-02-20T04:59:49Z">
      <class name="testcases.dashboard.practice.practiceMeasureGrid.TC_PracticeMeasuresWithHigherScore">
        <test-method status="PASS" signature="setup()[pri:0, instance:testcases.dashboard.practice.practiceMeasureGrid.TC_PracticeMeasuresWithHigherScore@6892b3b6]" name="setup" is-config="true" duration-ms="15140" started-at="2018-02-20T10:23:13Z" finished-at="2018-02-20T10:23:28Z">
          <reporter-output>
          </reporter-output>
        </test-method> <!-- setup -->
        <test-method status="FAIL" signature="test(java.util.Hashtable)[pri:0, instance:testcases.dashboard.practice.practiceMeasureGrid.TC_PracticeMeasuresWithHigherScore@6892b3b6]" name="test" duration-ms="230559" started-at="2018-02-20T10:25:59Z" data-provider="MeasureWithHS" finished-at="2018-02-20T10:29:49Z">
          <params>
            <param index="0">
              <value>
                <![CDATA[{Quarter=2016Q4, Menu =Dashboards, Flag=QR, SubMenu=Practice}]]>
              </value>
            </param>
          </params>
          <exception class="java.lang.AssertionError">
            <message>
              <![CDATA[The following asserts failed:
	null]]>
            </message>
            <full-stacktrace>
              <![CDATA[java.lang.AssertionError: The following asserts failed:
	null
	at org.testng.asserts.SoftAssert.assertAll(SoftAssert.java:48)
	at testcases.dashboard.practice.practiceMeasureGrid.TC_PracticeMeasuresWithHigherScore.test(TC_PracticeMeasuresWithHigherScore.java:34)
	at sun.reflect.NativeMethodAccessorImpl.invoke0(Native Method)
	at sun.reflect.NativeMethodAccessorImpl.invoke(NativeMethodAccessorImpl.java:62)
	at sun.reflect.DelegatingMethodAccessorImpl.invoke(DelegatingMethodAccessorImpl.java:43)
	at java.lang.reflect.Method.invoke(Method.java:497)
	at org.testng.internal.MethodInvocationHelper.invokeMethod(MethodInvocationHelper.java:85)
	at org.testng.internal.Invoker.invokeMethod(Invoker.java:639)
	at org.testng.internal.Invoker.invokeTestMethod(Invoker.java:821)
	at org.testng.internal.Invoker.invokeTestMethods(Invoker.java:1131)
	at org.testng.internal.TestMethodWorker.invokeTestMethods(TestMethodWorker.java:124)
	at org.testng.internal.TestMethodWorker.run(TestMethodWorker.java:108)
	at org.testng.TestRunner.privateRun(TestRunner.java:773)
	at org.testng.TestRunner.run(TestRunner.java:623)
	at org.testng.SuiteRunner.runTest(SuiteRunner.java:357)
	at org.testng.SuiteRunner.runSequentially(SuiteRunner.java:352)
	at org.testng.SuiteRunner.privateRun(SuiteRunner.java:310)
	at org.testng.SuiteRunner.run(SuiteRunner.java:259)
	at org.testng.SuiteRunnerWorker.runSuite(SuiteRunnerWorker.java:52)
	at org.testng.SuiteRunnerWorker.run(SuiteRunnerWorker.java:86)
	at org.testng.TestNG.runSuitesSequentially(TestNG.java:1185)
	at org.testng.TestNG.runSuitesLocally(TestNG.java:1110)
	at org.testng.TestNG.run(TestNG.java:1018)
	at TestNGLoader.Loader.main(Loader.java:60)
]]>
            </full-stacktrace>
          </exception> <!-- java.lang.AssertionError -->
          <reporter-output>
          </reporter-output>
        </test-method> <!-- test -->
        <test-method status="PASS" signature="trans_report()[pri:0, instance:testcases.dashboard.practice.practiceMeasureGrid.TC_PracticeMeasuresWithHigherScore@6892b3b6]" name="trans_report" is-config="true" duration-ms="14170" started-at="2018-02-20T10:29:49Z" finished-at="2018-02-20T10:30:03Z">
          <reporter-output>
          </reporter-output>
        </test-method> <!-- trans_report -->
      </class> <!-- testcases.dashboard.practice.practiceMeasureGrid.TC_PracticeMeasuresWithHigherScore -->
    </test> <!-- TC_PracticeMeasuresWithHigherScore -->
  </suite> <!-- Login -->
</testng-results>
