<?xml version="1.0" encoding="UTF-8"?>
<!-- Generated by org.testng.reporters.JUnitXMLReporter -->
<testsuite hostname="NC003" name="PracticeLocationPopUpViewNR" tests="1" failures="1" timestamp="13 Nov 2017 09:39:17 GMT" time="98.976" errors="0">
  <testcase name="TC_AllMeasures" time="97.617" classname="testcases.dashboard.practice.nonRolling.TC_PracticeLocationPopUpViewNR">
    <failure type="java.lang.AssertionError" message="The following asserts failed:
	null">
      <![CDATA[java.lang.AssertionError: The following asserts failed:
	null
	at testcases.dashboard.practice.nonRolling.TC_PracticeLocationPopUpViewNR.TC_AllMeasures(TC_PracticeLocationPopUpViewNR.java:37)
	at TestNGLoader.Loader.main(Loader.java:60)
... Removed 22 stack frames]]>
    </failure>
  </testcase> <!-- TC_AllMeasures -->
</testsuite> <!-- PracticeLocationPopUpViewNR -->
