<?xml version="1.0" encoding="UTF-8"?>
<!-- Generated by org.testng.reporters.JUnitXMLReporter -->
<testsuite hostname="NC003" name="TC_PracticeAllLocationPopUpViewR" tests="1" failures="1" timestamp="15 Nov 2017 06:11:01 GMT" time="94.036" errors="0">
  <testcase name="TC_AllMeasures" time="92.43" classname="testcases.dashboard.practice.rolling.TC_PracticeAllLocationPopUpViewR">
    <failure type="java.lang.AssertionError" message="The following asserts failed:
	null">
      <![CDATA[java.lang.AssertionError: The following asserts failed:
	null
	at testcases.dashboard.practice.rolling.TC_PracticeAllLocationPopUpViewR.TC_AllMeasures(TC_PracticeAllLocationPopUpViewR.java:37)
	at TestNGLoader.Loader.main(Loader.java:60)
... Removed 22 stack frames]]>
    </failure>
  </testcase> <!-- TC_AllMeasures -->
</testsuite> <!-- TC_PracticeAllLocationPopUpViewR -->
